<?xml version="1.0" encoding="UTF-8"?>
<testsuite xmlns:xsi="http://www.w3.org/2001/XMLSchema-instance" xsi:noNamespaceSchemaLocation="https://maven.apache.org/surefire/maven-surefire-plugin/xsd/surefire-test-report.xsd" version="3.0.2" name="uk.ac.warwick.dcs.airportsimulator.BackendApplicationTests" time="1.03" tests="1" errors="0" skipped="0" failures="0">
  <properties>
[...]
</properties>
  <testcase name="contextLoads" classname="uk.ac.warwick.dcs.airportsimulator.BackendApplicationTests" time="0.409">
    <system-out><![CDATA[12:49:41.164 [main] INFO org.springframework.test.context.support.AnnotationConfigContextLoaderUtils -- Could not detect default configuration classes for test class [uk.ac.warwick.dcs.airportsimulator.BackendApplicationTests]: BackendApplicationTests does not declare any static, non-private, non-final, nested classes annotated with @Configuration.
12:49:41.229 [main] INFO org.springframework.boot.test.context.SpringBootTestContextBootstrapper -- Found @SpringBootConfiguration uk.ac.warwick.dcs.airportsimulator.BackendApplication for test class uk.ac.warwick.dcs.airportsimulator.BackendApplicationTests

  .   ____          _            __ _ _
 /\\ / ___'_ __ _ _(_)_ __  __ _ \ \ \ \
( ( )\___ | '_ | '_| | '_ \/ _` | \ \ \ \
 \\/  ___)| |_)| | | | | || (_| |  ) ) ) )
  '  |____| .__|_| |_|_| |_\__, | / / / /
 =========|_|==============|___/=/_/_/_/

 :: Spring Boot ::                (v4.0.2)

2026-02-17T12:49:41.452Z  INFO 19271 --- [backend] [           main] u.a.w.d.a.BackendApplicationTests        : Starting BackendApplicationTests using Java 25.0.2 with PID 19271 (started by b777rider in /home/b777rider/IdeaProjects/cs261/backend)
2026-02-17T12:49:41.452Z  INFO 19271 --- [backend] [           main] u.a.w.d.a.BackendApplicationTests        : No active profile set, falling back to 1 default profile: "default"
2026-02-17T12:49:41.669Z  INFO 19271 --- [backend] [           main] u.a.w.d.a.BackendApplicationTests        : Started BackendApplicationTests in 0.359 seconds (process running for 0.976)
]]></system-out>
    <system-err><![CDATA[Mockito is currently self-attaching to enable the inline-mock-maker. This will no longer work in future releases of the JDK. Please add Mockito as an agent to your build as described in Mockito's documentation: https://javadoc.io/doc/org.mockito/mockito-core/latest/org.mockito/org/mockito/Mockito.html#0.3
WARNING: A Java agent has been loaded dynamically (/home/b777rider/.m2/repository/net/bytebuddy/byte-buddy-agent/1.17.8/byte-buddy-agent-1.17.8.jar)
WARNING: If a serviceability tool is in use, please run with -XX:+EnableDynamicAgentLoading to hide this warning
WARNING: If a serviceability tool is not in use, please run with -Djdk.instrument.traceUsage for more information
WARNING: Dynamic loading of agents will be disallowed by default in a future release
]]></system-err>
  </testcase>
</testsuite>